<?xml version="1.0" encoding="UTF-8"?>
<!-- Generated by org.testng.reporters.JUnitXMLReporter -->
<testsuite hostname="C02ZT4V4MD6R" ignored="0" name="All Test Cases" tests="25" failures="0" timestamp="28 Jul 2020 18:22:24 GMT" time="0.678" errors="0">
  <testcase name="testValidSingleInputs" time="0.017" classname="TestCases.testSingleInput"/>
  <testcase name="testValidSingleInputs" time="0.001" classname="TestCases.testSingleInput"/>
  <testcase name="testValidSingleInputs" time="0.006" classname="TestCases.testSingleInput"/>
  <testcase name="testValidSingleInputs" time="0.001" classname="TestCases.testSingleInput"/>
  <testcase name="testValidSingleInputs" time="0.0" classname="TestCases.testSingleInput"/>
  <testcase name="testValidSingleInputs" time="0.001" classname="TestCases.testSingleInput"/>
  <testcase name="testValidSingleInputs" time="0.0" classname="TestCases.testSingleInput"/>
  <testcase name="testValidSingleInputs" time="0.0" classname="TestCases.testSingleInput"/>
  <testcase name="testValidSingleInputs" time="0.001" classname="TestCases.testSingleInput"/>
  <testcase name="testValidSingleInputs" time="0.001" classname="TestCases.testSingleInput"/>
  <testcase name="testValidRandomInputs" time="0.0" classname="TestCases.testRandomInput"/>
  <testcase name="testValidRandomInputs" time="0.001" classname="TestCases.testRandomInput"/>
  <testcase name="testValidRandomInputs" time="0.001" classname="TestCases.testRandomInput"/>
  <testcase name="testValidRandomInputs" time="0.0" classname="TestCases.testRandomInput"/>
  <testcase name="testValidRandomInputs" time="0.002" classname="TestCases.testRandomInput"/>
  <testcase name="testValidRandomInputs" time="0.001" classname="TestCases.testRandomInput"/>
  <testcase name="testValidRandomInputs" time="0.002" classname="TestCases.testRandomInput"/>
  <testcase name="testValidRandomInputs" time="0.0" classname="TestCases.testRandomInput"/>
  <testcase name="testValidRandomInputs" time="0.001" classname="TestCases.testRandomInput"/>
  <testcase name="testInvalidInputs" time="0.001" classname="TestCases.testInvalidInput"/>
  <testcase name="testInvalidInputs" time="0.0" classname="TestCases.testInvalidInput"/>
  <testcase name="testInvalidInputs" time="0.001" classname="TestCases.testInvalidInput"/>
  <testcase name="testInvalidInputs" time="0.001" classname="TestCases.testInvalidInput"/>
  <testcase name="testInvalidInputs" time="0.0" classname="TestCases.testInvalidInput"/>
  <testcase name="testInvalidInputs" time="0.001" classname="TestCases.testInvalidInput"/>
</testsuite> <!-- All Test Cases -->
