<?xml version="1.0" encoding="UTF-8"?>
<testsuite xmlns:xsi="http://www.w3.org/2001/XMLSchema-instance" xsi:noNamespaceSchemaLocation="https://maven.apache.org/surefire/maven-surefire-plugin/xsd/surefire-test-report.xsd" name="TestSuite" time="0.933" tests="25" errors="0" skipped="0" failures="0">
  <properties>
[...]
</properties>
  <testcase name="testValidSingleInputs" classname="TestCases.testSingleInput" time="0.018"/>
  <testcase name="testValidSingleInputs" classname="TestCases.testSingleInput" time="0"/>
  <testcase name="testValidSingleInputs" classname="TestCases.testSingleInput" time="0.005"/>
  <testcase name="testValidSingleInputs" classname="TestCases.testSingleInput" time="0.001"/>
  <testcase name="testValidSingleInputs" classname="TestCases.testSingleInput" time="0.001"/>
  <testcase name="testValidSingleInputs" classname="TestCases.testSingleInput" time="0"/>
  <testcase name="testValidSingleInputs" classname="TestCases.testSingleInput" time="0.001"/>
  <testcase name="testValidSingleInputs" classname="TestCases.testSingleInput" time="0.001"/>
  <testcase name="testValidSingleInputs" classname="TestCases.testSingleInput" time="0"/>
  <testcase name="testValidSingleInputs" classname="TestCases.testSingleInput" time="0"/>
  <testcase name="testValidRandomInputs" classname="TestCases.testRandomInput" time="0.001"/>
  <testcase name="testValidRandomInputs" classname="TestCases.testRandomInput" time="0.001"/>
  <testcase name="testValidRandomInputs" classname="TestCases.testRandomInput" time="0.001"/>
  <testcase name="testValidRandomInputs" classname="TestCases.testRandomInput" time="0.001"/>
  <testcase name="testValidRandomInputs" classname="TestCases.testRandomInput" time="0.005"/>
  <testcase name="testValidRandomInputs" classname="TestCases.testRandomInput" time="0.001"/>
  <testcase name="testValidRandomInputs" classname="TestCases.testRandomInput" time="0.01"/>
  <testcase name="testValidRandomInputs" classname="TestCases.testRandomInput" time="0.001"/>
  <testcase name="testValidRandomInputs" classname="TestCases.testRandomInput" time="0.001"/>
  <testcase name="testInvalidInputs" classname="TestCases.testInvalidInput" time="0.001"/>
  <testcase name="testInvalidInputs" classname="TestCases.testInvalidInput" time="0"/>
  <testcase name="testInvalidInputs" classname="TestCases.testInvalidInput" time="0"/>
  <testcase name="testInvalidInputs" classname="TestCases.testInvalidInput" time="0.001"/>
  <testcase name="testInvalidInputs" classname="TestCases.testInvalidInput" time="0"/>
  <testcase name="testInvalidInputs" classname="TestCases.testInvalidInput" time="0"/>
</testsuite>