<?xml version="1.0" encoding="UTF-8"?>
<!-- Generated by org.testng.reporters.JUnitXMLReporter -->
<testsuite hostname="C02ZT4V4MD6R" ignored="0" name="All Test Cases" tests="25" failures="0" timestamp="10 Aug 2020 09:33:49 GMT" time="1.244" errors="0">
  <testcase name="testValidSingleInputs" time="0.026" classname="TestCases.testSingleInput"/>
  <testcase name="testValidSingleInputs" time="0.0" classname="TestCases.testSingleInput"/>
  <testcase name="testValidSingleInputs" time="0.001" classname="TestCases.testSingleInput"/>
  <testcase name="testValidSingleInputs" time="0.0" classname="TestCases.testSingleInput"/>
  <testcase name="testValidSingleInputs" time="0.0" classname="TestCases.testSingleInput"/>
  <testcase name="testValidSingleInputs" time="0.001" classname="TestCases.testSingleInput"/>
  <testcase name="testValidSingleInputs" time="0.0" classname="TestCases.testSingleInput"/>
  <testcase name="testValidSingleInputs" time="0.001" classname="TestCases.testSingleInput"/>
  <testcase name="testValidSingleInputs" time="0.0" classname="TestCases.testSingleInput"/>
  <testcase name="testValidSingleInputs" time="0.001" classname="TestCases.testSingleInput"/>
  <testcase name="testValidRandomInputs" time="0.001" classname="TestCases.testRandomInput"/>
  <testcase name="testValidRandomInputs" time="0.001" classname="TestCases.testRandomInput"/>
  <testcase name="testValidRandomInputs" time="0.005" classname="TestCases.testRandomInput"/>
  <testcase name="testValidRandomInputs" time="0.003" classname="TestCases.testRandomInput"/>
  <testcase name="testValidRandomInputs" time="0.006" classname="TestCases.testRandomInput"/>
  <testcase name="testValidRandomInputs" time="0.003" classname="TestCases.testRandomInput"/>
  <testcase name="testValidRandomInputs" time="0.004" classname="TestCases.testRandomInput"/>
  <testcase name="testValidRandomInputs" time="0.002" classname="TestCases.testRandomInput"/>
  <testcase name="testValidRandomInputs" time="0.002" classname="TestCases.testRandomInput"/>
  <testcase name="testInvalidInputs" time="0.001" classname="TestCases.testInvalidInput"/>
  <testcase name="testInvalidInputs" time="0.001" classname="TestCases.testInvalidInput"/>
  <testcase name="testInvalidInputs" time="0.0" classname="TestCases.testInvalidInput"/>
  <testcase name="testInvalidInputs" time="0.0" classname="TestCases.testInvalidInput"/>
  <testcase name="testInvalidInputs" time="0.001" classname="TestCases.testInvalidInput"/>
  <testcase name="testInvalidInputs" time="0.0" classname="TestCases.testInvalidInput"/>
</testsuite> <!-- All Test Cases -->
